<?xml version="1.0" encoding="UTF-8"?>
<!-- Generated by org.testng.reporters.JUnitReportReporter -->
<testsuite hostname="LAPTOP-65O2L4LO" failures="0" tests="2" name="Runner.TestRunner" time="34.865" errors="0" timestamp="2020-06-11T11:34:11 BST" skipped="0">
  <testcase classname="Runner.TestRunner" name="runScenario" time="15.643"/>
  <system-out/>
  <testcase classname="Runner.TestRunner" name="runScenario" time="19.222"/>
  <system-out/>
</testsuite> <!-- Runner.TestRunner -->
